TN:
SF:/Users/alex/Projects/full-blockchain-solidity-course-js/Lesson9/hardhat-smartcontract-lottery/contracts/Raffle.sol
FN:62,constructor
FN:73,enterRaffle
FN:97,checkUpkeep
FN:108,performUpkeep
FN:131,fulfillRandomWords
FN:149,getEntranceFee
FN:153,getPlayer
FN:157,getRecentWinner
FN:161,getRaffleState
FN:165,getNumWords
FN:169,getNumberOfPlayers
FN:173,getLastTimeStamp
FN:177,getRequestConfirmations
FN:181,getInterval
FNF:14
FNH:8
FNDA:3,constructor
FNDA:8,enterRaffle
FNDA:6,checkUpkeep
FNDA:2,performUpkeep
FNDA:0,fulfillRandomWords
FNDA:9,getEntranceFee
FNDA:1,getPlayer
FNDA:0,getRecentWinner
FNDA:2,getRaffleState
FNDA:0,getNumWords
FNDA:0,getNumberOfPlayers
FNDA:0,getLastTimeStamp
FNDA:0,getRequestConfirmations
FNDA:9,getInterval
DA:63,3
DA:64,3
DA:65,3
DA:66,3
DA:67,3
DA:68,3
DA:69,3
DA:70,3
DA:75,8
DA:76,1
DA:78,7
DA:79,1
DA:81,6
DA:85,6
DA:100,6
DA:102,6
DA:103,6
DA:104,6
DA:105,6
DA:112,2
DA:113,2
DA:114,0
DA:120,2
DA:121,2
DA:128,2
DA:135,0
DA:136,0
DA:137,0
DA:138,0
DA:139,0
DA:140,0
DA:141,0
DA:143,0
DA:144,0
DA:146,0
DA:150,9
DA:154,1
DA:158,0
DA:162,2
DA:166,0
DA:170,0
DA:174,0
DA:178,0
DA:182,9
LF:44
LH:28
BRDA:75,1,0,1
BRDA:75,1,1,7
BRDA:78,2,0,1
BRDA:78,2,1,6
BRDA:113,3,0,0
BRDA:113,3,1,2
BRDA:143,4,0,0
BRDA:143,4,1,0
BRF:8
BRH:5
end_of_record
TN:
SF:/Users/alex/Projects/full-blockchain-solidity-course-js/Lesson9/hardhat-smartcontract-lottery/contracts/test/VRFCoordinatorV2Mock.sol
FNF:0
FNH:0
LF:0
LH:0
BRF:0
BRH:0
end_of_record
