TN:
SF:/Users/alex/Projects/full-blockchain-solidity-course-js/Lesson9/hardhat-smartcontract-lottery/contracts/Raffle.sol
FN:62,constructor
FN:73,enterRaffle
FN:97,checkUpkeep
FN:108,performUpkeep
FN:131,fulfillRandomWords
FN:149,getEntranceFee
FN:153,getPlayer
FN:157,getRecentWinner
FN:161,getRaffleState
FN:165,getNumWords
FN:169,getNumberOfPlayers
FN:173,getLastTimeStamp
FN:177,getRequestConfirmations
FN:181,getInterval
FNF:14
FNH:11
FNDA:3,constructor
FNDA:15,enterRaffle
FNDA:10,checkUpkeep
FNDA:6,performUpkeep
FNDA:1,fulfillRandomWords
FNDA:14,getEntranceFee
FNDA:2,getPlayer
FNDA:1,getRecentWinner
FNDA:4,getRaffleState
FNDA:0,getNumWords
FNDA:0,getNumberOfPlayers
FNDA:2,getLastTimeStamp
FNDA:0,getRequestConfirmations
FNDA:14,getInterval
DA:63,3
DA:64,3
DA:65,3
DA:66,3
DA:67,3
DA:68,3
DA:69,3
DA:70,3
DA:75,15
DA:76,1
DA:78,14
DA:79,1
DA:81,13
DA:85,13
DA:100,10
DA:102,10
DA:103,10
DA:104,10
DA:105,10
DA:112,6
DA:113,6
DA:114,1
DA:120,5
DA:121,5
DA:128,5
DA:135,1
DA:136,1
DA:137,1
DA:138,1
DA:139,1
DA:140,1
DA:141,1
DA:143,1
DA:144,0
DA:146,1
DA:150,14
DA:154,2
DA:158,1
DA:162,4
DA:166,0
DA:170,0
DA:174,2
DA:178,0
DA:182,14
LF:44
LH:40
BRDA:75,1,0,1
BRDA:75,1,1,14
BRDA:78,2,0,1
BRDA:78,2,1,13
BRDA:113,3,0,1
BRDA:113,3,1,5
BRDA:143,4,0,0
BRDA:143,4,1,1
BRF:8
BRH:7
end_of_record
TN:
SF:/Users/alex/Projects/full-blockchain-solidity-course-js/Lesson9/hardhat-smartcontract-lottery/contracts/test/VRFCoordinatorV2Mock.sol
FNF:0
FNH:0
LF:0
LH:0
BRF:0
BRH:0
end_of_record
