{"contracts/Raffle.sol":{"l":{"63":3,"64":3,"65":3,"66":3,"67":3,"68":3,"69":3,"70":3,"75":8,"76":1,"78":7,"79":1,"81":6,"85":6,"100":6,"102":6,"103":6,"104":6,"105":6,"112":2,"113":2,"114":0,"120":2,"121":2,"128":2,"135":0,"136":0,"137":0,"138":0,"139":0,"140":0,"141":0,"143":0,"144":0,"146":0,"150":9,"154":1,"158":0,"162":2,"166":0,"170":0,"174":0,"178":0,"182":9},"path":"/Users/alex/Projects/full-blockchain-solidity-course-js/Lesson9/hardhat-smartcontract-lottery/contracts/Raffle.sol","s":{"1":8,"2":7,"3":6,"4":6,"5":6,"6":6,"7":6,"8":6,"9":2,"10":2,"11":2,"12":2,"13":0,"14":0,"15":0,"16":0,"17":0,"18":9,"19":1,"20":0,"21":2,"22":0,"23":0,"24":0,"25":0,"26":9},"b":{"1":[1,7],"2":[1,6],"3":[0,2],"4":[0,0]},"f":{"1":3,"2":8,"3":6,"4":2,"5":0,"6":9,"7":1,"8":0,"9":2,"10":0,"11":0,"12":0,"13":0,"14":9},"fnMap":{"1":{"name":"constructor","line":62,"loc":{"start":{"line":55,"column":4},"end":{"line":71,"column":4}}},"2":{"name":"enterRaffle","line":73,"loc":{"start":{"line":73,"column":4},"end":{"line":86,"column":4}}},"3":{"name":"checkUpkeep","line":97,"loc":{"start":{"line":97,"column":4},"end":{"line":106,"column":4}}},"4":{"name":"performUpkeep","line":108,"loc":{"start":{"line":108,"column":4},"end":{"line":129,"column":4}}},"5":{"name":"fulfillRandomWords","line":131,"loc":{"start":{"line":131,"column":4},"end":{"line":147,"column":4}}},"6":{"name":"getEntranceFee","line":149,"loc":{"start":{"line":149,"column":4},"end":{"line":151,"column":4}}},"7":{"name":"getPlayer","line":153,"loc":{"start":{"line":153,"column":4},"end":{"line":155,"column":4}}},"8":{"name":"getRecentWinner","line":157,"loc":{"start":{"line":157,"column":4},"end":{"line":159,"column":4}}},"9":{"name":"getRaffleState","line":161,"loc":{"start":{"line":161,"column":4},"end":{"line":163,"column":4}}},"10":{"name":"getNumWords","line":165,"loc":{"start":{"line":165,"column":4},"end":{"line":167,"column":4}}},"11":{"name":"getNumberOfPlayers","line":169,"loc":{"start":{"line":169,"column":4},"end":{"line":171,"column":4}}},"12":{"name":"getLastTimeStamp","line":173,"loc":{"start":{"line":173,"column":4},"end":{"line":175,"column":4}}},"13":{"name":"getRequestConfirmations","line":177,"loc":{"start":{"line":177,"column":4},"end":{"line":179,"column":4}}},"14":{"name":"getInterval","line":181,"loc":{"start":{"line":181,"column":4},"end":{"line":183,"column":4}}}},"statementMap":{"1":{"start":{"line":75,"column":8},"end":{"line":75,"column":2611}},"2":{"start":{"line":78,"column":8},"end":{"line":78,"column":2712}},"3":{"start":{"line":81,"column":8},"end":{"line":81,"column":42}},"4":{"start":{"line":85,"column":8},"end":{"line":85,"column":36}},"5":{"start":{"line":100,"column":8},"end":{"line":100,"column":57}},"6":{"start":{"line":102,"column":8},"end":{"line":102,"column":76}},"7":{"start":{"line":103,"column":8},"end":{"line":103,"column":48}},"8":{"start":{"line":104,"column":8},"end":{"line":104,"column":51}},"9":{"start":{"line":112,"column":8},"end":{"line":112,"column":47}},"10":{"start":{"line":113,"column":8},"end":{"line":113,"column":4201}},"11":{"start":{"line":121,"column":8},"end":{"line":121,"column":4461}},"12":{"start":{"line":128,"column":8},"end":{"line":128,"column":45}},"13":{"start":{"line":135,"column":8},"end":{"line":135,"column":65}},"14":{"start":{"line":136,"column":8},"end":{"line":136,"column":63}},"15":{"start":{"line":141,"column":8},"end":{"line":141,"column":78}},"16":{"start":{"line":143,"column":8},"end":{"line":143,"column":5332}},"17":{"start":{"line":146,"column":8},"end":{"line":146,"column":39}},"18":{"start":{"line":150,"column":8},"end":{"line":150,"column":28}},"19":{"start":{"line":154,"column":8},"end":{"line":154,"column":31}},"20":{"start":{"line":158,"column":8},"end":{"line":158,"column":29}},"21":{"start":{"line":162,"column":8},"end":{"line":162,"column":28}},"22":{"start":{"line":166,"column":8},"end":{"line":166,"column":24}},"23":{"start":{"line":170,"column":8},"end":{"line":170,"column":31}},"24":{"start":{"line":174,"column":8},"end":{"line":174,"column":30}},"25":{"start":{"line":178,"column":8},"end":{"line":178,"column":36}},"26":{"start":{"line":182,"column":8},"end":{"line":182,"column":25}}},"branchMap":{"1":{"line":75,"type":"if","locations":[{"start":{"line":75,"column":8},"end":{"line":75,"column":8}},{"start":{"line":75,"column":8},"end":{"line":75,"column":8}}]},"2":{"line":78,"type":"if","locations":[{"start":{"line":78,"column":8},"end":{"line":78,"column":8}},{"start":{"line":78,"column":8},"end":{"line":78,"column":8}}]},"3":{"line":113,"type":"if","locations":[{"start":{"line":113,"column":8},"end":{"line":113,"column":8}},{"start":{"line":113,"column":8},"end":{"line":113,"column":8}}]},"4":{"line":143,"type":"if","locations":[{"start":{"line":143,"column":8},"end":{"line":143,"column":8}},{"start":{"line":143,"column":8},"end":{"line":143,"column":8}}]}}},"contracts/test/VRFCoordinatorV2Mock.sol":{"l":{},"path":"/Users/alex/Projects/full-blockchain-solidity-course-js/Lesson9/hardhat-smartcontract-lottery/contracts/test/VRFCoordinatorV2Mock.sol","s":{},"b":{},"f":{},"fnMap":{},"statementMap":{},"branchMap":{}}}